<?xml version="1.0" encoding="UTF-8"?>
<testng-results ignored="0" total="1" passed="1" failed="0" skipped="0">
  <reporter-output>
  </reporter-output>
  <suite started-at="2021-04-25T13:43:37 IST" name="Suite" finished-at="2021-04-25T13:44:21 IST" duration-ms="43989">
    <groups>
    </groups>
    <test started-at="2021-04-25T13:43:37 IST" name="Test" finished-at="2021-04-25T13:44:21 IST" duration-ms="43989">
      <class name="jenkinsRun.LoginValidation">
        <test-method signature="lauchApplication()[pri:0, instance:jenkinsRun.LoginValidation@16a0ee18]" started-at="2021-04-25T13:43:37 IST" name="lauchApplication" finished-at="2021-04-25T13:44:21 IST" duration-ms="43810" status="PASS">
          <reporter-output>
          </reporter-output>
        </test-method> <!-- lauchApplication -->
      </class> <!-- jenkinsRun.LoginValidation -->
    </test> <!-- Test -->
  </suite> <!-- Suite -->
</testng-results>
